c:\program files (x86)\steam\steamapps\common\uns gev\xinput1_3\xinput1_3\release\vc141.pdb
c:\program files (x86)\steam\steamapps\common\uns gev\xinput1_3\xinput1_3\release\xinput1_3.obj
c:\program files (x86)\steam\steamapps\common\uns gev\xinput1_3\xinput1_3\release\vector3.obj
c:\program files (x86)\steam\steamapps\common\uns gev\xinput1_3\xinput1_3\release\luacommands.obj
c:\program files (x86)\steam\steamapps\common\uns gev\xinput1_3\xinput1_3\release\hookfunctions.obj
c:\program files (x86)\steam\steamapps\common\uns gev\xinput1_3\xinput1_3\release\ccupdater.obj
c:\program files (x86)\steam\steamapps\common\uns gev\xinput1_3\xinput1_3\release\ccplayermain_3dnz.obj
c:\program files (x86)\steam\steamapps\common\uns gev\xinput1_3\xinput1_3\release\ccplayermain_2itc.obj
c:\program files (x86)\steam\steamapps\common\uns gev\xinput1_3\xinput1_3\release\ccmessageinfo.obj
c:\program files (x86)\steam\steamapps\common\uns gev\xinput1_3\xinput1_3\release\ccmain.obj
c:\program files (x86)\steam\steamapps\common\uns gev\xinput1_3\xinput1_3\release\ccgamevariables.obj
c:\program files (x86)\steam\steamapps\common\uns gev\xinput1_3\xinput1_3\release\cccharselui.obj
c:\program files (x86)\steam\steamapps\common\uns gev\xinput1_3\xinput1_3\release\api_console.obj
c:\program files (x86)\steam\steamapps\common\uns gev\xinput1_3\xinput1_3\release\ccplayer.obj
c:\program files (x86)\steam\steamapps\common\uns gev\xinput1_3\xinput1_3\release\ccplayermain_2tob.obj
c:\program files (x86)\steam\steamapps\common\uns gev\xinput1_3\xinput1_3\release\ccplayermain_3mnt.obj
c:\program files (x86)\steam\steamapps\common\uns gev\xinput1_3\release\xinput1_3.dll
c:\program files (x86)\steam\steamapps\common\uns gev\xinput1_3\release\xinput1_3.pdb
c:\program files (x86)\steam\steamapps\common\uns gev\xinput1_3\release\xinput1_3.lib
c:\program files (x86)\steam\steamapps\common\uns gev\xinput1_3\release\xinput1_3.exp
c:\program files (x86)\steam\steamapps\common\uns gev\xinput1_3\release\xinput1_3.ipdb
c:\program files (x86)\steam\steamapps\common\uns gev\xinput1_3\release\xinput1_3.iobj
c:\program files (x86)\steam\steamapps\common\uns gev\xinput1_3\xinput1_3\release\nativecodeanalysis.read.1.tlog
c:\program files (x86)\steam\steamapps\common\uns gev\xinput1_3\xinput1_3\release\ccplayer.nativecodeanalysis.xml
c:\program files (x86)\steam\steamapps\common\uns gev\xinput1_3\xinput1_3\release\vc.nativecodeanalysis.all.xml
c:\program files (x86)\steam\steamapps\common\uns gev\xinput1_3\release\xinput1_3.dll.lastcodeanalysissucceeded
c:\program files (x86)\steam\steamapps\common\uns gev\xinput1_3\xinput1_3\release\xinput1_3.tlog\cl.command.1.tlog
c:\program files (x86)\steam\steamapps\common\uns gev\xinput1_3\xinput1_3\release\xinput1_3.tlog\cl.read.1.tlog
c:\program files (x86)\steam\steamapps\common\uns gev\xinput1_3\xinput1_3\release\xinput1_3.tlog\cl.write.1.tlog
c:\program files (x86)\steam\steamapps\common\uns gev\xinput1_3\xinput1_3\release\xinput1_3.tlog\link.command.1.tlog
c:\program files (x86)\steam\steamapps\common\uns gev\xinput1_3\xinput1_3\release\xinput1_3.tlog\link.read.1.tlog
c:\program files (x86)\steam\steamapps\common\uns gev\xinput1_3\xinput1_3\release\xinput1_3.tlog\link.write.1.tlog
c:\program files (x86)\steam\steamapps\common\uns gev\xinput1_3\xinput1_3\release\xinput1_3.tlog\xinput1_3.write.1u.tlog
